<?xml version="1.0" encoding="UTF-8"?>
<testng-results ignored="0" total="1" passed="1" failed="0" skipped="0">
  <reporter-output>
  </reporter-output>
  <suite started-at="2024-08-05T00:23:05 IST" name="Default suite" finished-at="2024-08-05T00:23:17 IST" duration-ms="11961">
    <groups>
    </groups>
    <test started-at="2024-08-05T00:23:05 IST" name="Default test" finished-at="2024-08-05T00:23:17 IST" duration-ms="11961">
      <class name="fitPeoScripts.FitPeoTest">
        <test-method signature="testScripts()[pri:0, instance:fitPeoScripts.FitPeoTest@14dd9eb7]" started-at="2024-08-05T00:23:05 IST" name="testScripts" finished-at="2024-08-05T00:23:17 IST" duration-ms="11870" status="PASS">
          <reporter-output>
          </reporter-output>
        </test-method> <!-- testScripts -->
      </class> <!-- fitPeoScripts.FitPeoTest -->
    </test> <!-- Default test -->
  </suite> <!-- Default suite -->
</testng-results>
